<?xml version="1.0" encoding="UTF-8"?>
<testsuite xmlns:xsi="http://www.w3.org/2001/XMLSchema-instance" xsi:noNamespaceSchemaLocation="https://maven.apache.org/surefire/maven-surefire-plugin/xsd/surefire-test-report-3.0.xsd" version="3.0" name="com.luma.runners.Runner" time="71.028" tests="1" errors="1" skipped="0" failures="0">
  <properties>
[...]
</properties>
  <testcase name="Positive scenario fill out all the info standard way" classname="Sign up new customer functionality" time="68.612">
    <error message="Expected condition failed: waiting for visibility of Proxy element for: DefaultElementLocator &apos;By.xpath: //div[.=&apos;Thank you for registering with Main Website Store.&apos;]&apos; (tried for 10 second(s) with 500 milliseconds interval)" type="org.openqa.selenium.TimeoutException"><![CDATA[org.openqa.selenium.TimeoutException: Expected condition failed: waiting for visibility of Proxy element for: DefaultElementLocator 'By.xpath: //div[.='Thank you for registering with Main Website Store.']' (tried for 10 second(s) with 500 milliseconds interval)
Caused by: org.openqa.selenium.NoSuchElementException: 
no such element: Unable to locate element: {"method":"xpath","selector":"//div[.='Thank you for registering with Main Website Store.']"}
  (Session info: chrome=122.0.6261.129)
For documentation on this error, please visit: https://www.selenium.dev/documentation/webdriver/troubleshooting/errors#no-such-element-exception
Build info: version: '4.16.1', revision: '9b4c83354e'
System info: os.name: 'Mac OS X', os.arch: 'x86_64', os.version: '12.5.1', java.version: '21.0.2'
Driver info: org.openqa.selenium.chrome.ChromeDriver
Command: [c3e41bbee7e17ac976029cee74122c6f, findElement {using=xpath, value=//div[.='Thank you for registering with Main Website Store.']}]
Capabilities {acceptInsecureCerts: false, browserName: chrome, browserVersion: 122.0.6261.129, chrome: {chromedriverVersion: 122.0.6261.128 (f18a44fedeb..., userDataDir: /var/folders/q1/00mq6mdn5n9...}, fedcm:accounts: true, goog:chromeOptions: {debuggerAddress: localhost:60637}, networkConnectionEnabled: false, pageLoadStrategy: normal, platformName: mac, proxy: Proxy(), se:cdp: ws://localhost:60637/devtoo..., se:cdpVersion: 122.0.6261.129, setWindowRect: true, strictFileInteractability: false, timeouts: {implicit: 0, pageLoad: 300000, script: 30000}, unhandledPromptBehavior: dismiss and notify, webauthn:extension:credBlob: true, webauthn:extension:largeBlob: true, webauthn:extension:minPinLength: true, webauthn:extension:prf: true, webauthn:virtualAuthenticators: true}
Session ID: c3e41bbee7e17ac976029cee74122c6f
]]></error>
    <system-out><![CDATA[
Scenario: Positive scenario fill out all the info standard way  &amp#27;[90m# src/test/resources/features/createAccount/createAccount.feature:3&amp#27;[0m
  &amp#27;[32mGiven &amp#27;[0m&amp#27;[32muser is main page user clicks on create account button&amp#27;[0m  &amp#27;[90m# com.luma.step_definitions.StepDef.user_is_main_page_user_clicks_on_create_account_button()&amp#27;[0m
  &amp#27;[32mThen &amp#27;[0m&amp#27;[32muser is on create account page and verifies title&amp#27;[0m        &amp#27;[90m# com.luma.step_definitions.StepDef.user_is_on_create_account_page_and_verifies_title(io.cucumber.datatable.DataTable)&amp#27;[0m
    | title | Create New Customer Account |
  &amp#27;[32mAnd &amp#27;[0m&amp#27;[32muser enters firstname and lastname&amp#27;[0m                        &amp#27;[90m# com.luma.step_definitions.StepDef.user_enters_firstname_and_lastname(io.cucumber.datatable.DataTable)&amp#27;[0m
    | firstname | Kobe |
    | lastname  | Abdy |
  &amp#27;[32mWhen &amp#27;[0m&amp#27;[32muser enters email and password and confirms the password&amp#27;[0m &amp#27;[90m# com.luma.step_definitions.StepDef.user_enters_email_and_password_and_confirms_the_password(io.cucumber.datatable.DataTable)&amp#27;[0m
    | email           | mtbtb@ttt.com |
    | password        | QAertyuioP@   |
    | confirmPassword | QAertyuioP@   |
  &amp#27;[31mThen &amp#27;[0m&amp#27;[31muser clicks create account and verifies success message&amp#27;[0m  &amp#27;[90m# com.luma.step_definitions.StepDef.user_clicks_create_account_and_verifies_success_message(io.cucumber.datatable.DataTable)&amp#27;[0m
    | successMessage | Thank you for registering with Main Website Store. |
      &amp#27;[31morg.openqa.selenium.TimeoutException: Expected condition failed: waiting for visibility of Proxy element for: DefaultElementLocator 'By.xpath: //div[.='Thank you for registering with Main Website Store.']' (tried for 10 second(s) with 500 milliseconds interval)
	at org.openqa.selenium.support.ui.WebDriverWait.timeoutException(WebDriverWait.java:84)
	at org.openqa.selenium.support.ui.FluentWait.until(FluentWait.java:229)
	at utils.BrowserUtils.getText(BrowserUtils.java:22)
	at com.luma.pages.CreateAccountPage.clickCreateAccountValidateMsg(CreateAccountPage.java:52)
	at com.luma.step_definitions.StepDef.user_clicks_create_account_and_verifies_success_message(StepDef.java:45)
	at ✽.user clicks create account and verifies success message(file:///Users/codefish/Downloads/Project/Project/B19-FrameworkFromScratch/src/test/resources/features/createAccount/createAccount.feature:14)
Caused by: org.openqa.selenium.NoSuchElementException: no such element: Unable to locate element: {"method":"xpath","selector":"//div[.='Thank you for registering with Main Website Store.']"}
  (Session info: chrome=122.0.6261.129)
For documentation on this error, please visit: https://www.selenium.dev/documentation/webdriver/troubleshooting/errors#no-such-element-exception
Build info: version: '4.16.1', revision: '9b4c83354e'
System info: os.name: 'Mac OS X', os.arch: 'x86_64', os.version: '12.5.1', java.version: '21.0.2'
Driver info: org.openqa.selenium.chrome.ChromeDriver
Command: [c3e41bbee7e17ac976029cee74122c6f, findElement {using=xpath, value=//div[.='Thank you for registering with Main Website Store.']}]
Capabilities {acceptInsecureCerts: false, browserName: chrome, browserVersion: 122.0.6261.129, chrome: {chromedriverVersion: 122.0.6261.128 (f18a44fedeb..., userDataDir: /var/folders/q1/00mq6mdn5n9...}, fedcm:accounts: true, goog:chromeOptions: {debuggerAddress: localhost:60637}, networkConnectionEnabled: false, pageLoadStrategy: normal, platformName: mac, proxy: Proxy(), se:cdp: ws://localhost:60637/devtoo..., se:cdpVersion: 122.0.6261.129, setWindowRect: true, strictFileInteractability: false, timeouts: {implicit: 0, pageLoad: 300000, script: 30000}, unhandledPromptBehavior: dismiss and notify, webauthn:extension:credBlob: true, webauthn:extension:largeBlob: true, webauthn:extension:minPinLength: true, webauthn:extension:prf: true, webauthn:virtualAuthenticators: true}
Session ID: c3e41bbee7e17ac976029cee74122c6f
	at java.base/jdk.internal.reflect.DirectConstructorHandleAccessor.newInstance(DirectConstructorHandleAccessor.java:62)
	at java.base/java.lang.reflect.Constructor.newInstanceWithCaller(Constructor.java:502)
	at java.base/java.lang.reflect.Constructor.newInstance(Constructor.java:486)
	at org.openqa.selenium.remote.codec.w3c.W3CHttpResponseCodec.createException(W3CHttpResponseCodec.java:200)
	at org.openqa.selenium.remote.codec.w3c.W3CHttpResponseCodec.decode(W3CHttpResponseCodec.java:133)
	at org.openqa.selenium.remote.codec.w3c.W3CHttpResponseCodec.decode(W3CHttpResponseCodec.java:52)
	at org.openqa.selenium.remote.HttpCommandExecutor.execute(HttpCommandExecutor.java:191)
	at org.openqa.selenium.remote.service.DriverCommandExecutor.invokeExecute(DriverCommandExecutor.java:200)
	at org.openqa.selenium.remote.service.DriverCommandExecutor.execute(DriverCommandExecutor.java:175)
	at org.openqa.selenium.remote.RemoteWebDriver.execute(RemoteWebDriver.java:523)
	at org.openqa.selenium.remote.ElementLocation$ElementFinder$2.findElement(ElementLocation.java:165)
	at org.openqa.selenium.remote.ElementLocation.findElement(ElementLocation.java:59)
	at org.openqa.selenium.remote.RemoteWebDriver.findElement(RemoteWebDriver.java:360)
	at org.openqa.selenium.remote.RemoteWebDriver.findElement(RemoteWebDriver.java:354)
	at org.openqa.selenium.support.pagefactory.DefaultElementLocator.findElement(DefaultElementLocator.java:68)
	at org.openqa.selenium.support.pagefactory.internal.LocatingElementHandler.invoke(LocatingElementHandler.java:38)
	at jdk.proxy2/jdk.proxy2.$Proxy21.isDisplayed(Unknown Source)
	at org.openqa.selenium.support.ui.ExpectedConditions.elementIfVisible(ExpectedConditions.java:304)
	at org.openqa.selenium.support.ui.ExpectedConditions$10.apply(ExpectedConditions.java:290)
	at org.openqa.selenium.support.ui.ExpectedConditions$10.apply(ExpectedConditions.java:287)
	at org.openqa.selenium.support.ui.FluentWait.until(FluentWait.java:204)
	at utils.BrowserUtils.getText(BrowserUtils.java:22)
	at com.luma.pages.CreateAccountPage.clickCreateAccountValidateMsg(CreateAccountPage.java:52)
	at com.luma.step_definitions.StepDef.user_clicks_create_account_and_verifies_success_message(StepDef.java:45)
	at java.base/jdk.internal.reflect.DirectMethodHandleAccessor.invoke(DirectMethodHandleAccessor.java:103)
	at java.base/java.lang.reflect.Method.invoke(Method.java:580)
	at io.cucumber.java.Invoker.doInvoke(Invoker.java:66)
	at io.cucumber.java.Invoker.invoke(Invoker.java:24)
	at io.cucumber.java.AbstractGlueDefinition.invokeMethod(AbstractGlueDefinition.java:47)
	at io.cucumber.java.JavaStepDefinition.execute(JavaStepDefinition.java:29)
	at io.cucumber.core.runner.CoreStepDefinition.execute(CoreStepDefinition.java:66)
	at io.cucumber.core.runner.PickleStepDefinitionMatch.runStep(PickleStepDefinitionMatch.java:63)
	at io.cucumber.core.runner.ExecutionMode$1.execute(ExecutionMode.java:10)
	at io.cucumber.core.runner.TestStep.executeStep(TestStep.java:86)
	at io.cucumber.core.runner.TestStep.run(TestStep.java:57)
	at io.cucumber.core.runner.PickleStepTestStep.run(PickleStepTestStep.java:51)
	at io.cucumber.core.runner.TestCase.run(TestCase.java:95)
	at io.cucumber.core.runner.Runner.runPickle(Runner.java:75)
	at io.cucumber.junit.PickleRunners$NoStepDescriptions.lambda$run$0(PickleRunners.java:151)
	at io.cucumber.core.runtime.CucumberExecutionContext.lambda$runTestCase$3(CucumberExecutionContext.java:110)
	at io.cucumber.core.runtime.RethrowingThrowableCollector.executeAndThrow(RethrowingThrowableCollector.java:23)
	at io.cucumber.core.runtime.CucumberExecutionContext.runTestCase(CucumberExecutionContext.java:110)
	at io.cucumber.junit.PickleRunners$NoStepDescriptions.run(PickleRunners.java:148)
	at io.cucumber.junit.FeatureRunner.runChild(FeatureRunner.java:144)
	at io.cucumber.junit.FeatureRunner.runChild(FeatureRunner.java:28)
	at org.junit.runners.ParentRunner$4.run(ParentRunner.java:331)
	at org.junit.runners.ParentRunner$1.schedule(ParentRunner.java:79)
	at org.junit.runners.ParentRunner.runChildren(ParentRunner.java:329)
	at org.junit.runners.ParentRunner.access$100(ParentRunner.java:66)
	at org.junit.runners.ParentRunner$2.evaluate(ParentRunner.java:293)
	at org.junit.runners.ParentRunner$3.evaluate(ParentRunner.java:306)
	at org.junit.runners.ParentRunner.run(ParentRunner.java:413)
	at io.cucumber.junit.FeatureRunner.run(FeatureRunner.java:137)
	at io.cucumber.junit.Cucumber.runChild(Cucumber.java:196)
	at io.cucumber.junit.Cucumber.runChild(Cucumber.java:89)
	at org.junit.runners.ParentRunner$4.run(ParentRunner.java:331)
	at org.junit.runners.ParentRunner$1.schedule(ParentRunner.java:79)
	at org.junit.runners.ParentRunner.runChildren(ParentRunner.java:329)
	at org.junit.runners.ParentRunner.access$100(ParentRunner.java:66)
	at org.junit.runners.ParentRunner$2.evaluate(ParentRunner.java:293)
	at io.cucumber.junit.Cucumber$RunBeforeAllHooks.evaluate(Cucumber.java:266)
	at io.cucumber.junit.Cucumber$RunAfterAllHooks.evaluate(Cucumber.java:281)
	at io.cucumber.junit.Cucumber$StartTestRun.evaluate(Cucumber.java:233)
	at io.cucumber.junit.Cucumber$FinishTestRun.evaluate(Cucumber.java:248)
	at org.junit.runners.ParentRunner$3.evaluate(ParentRunner.java:306)
	at org.junit.runners.ParentRunner.run(ParentRunner.java:413)
	at org.apache.maven.surefire.junit4.JUnit4Provider.execute(JUnit4Provider.java:364)
	at org.apache.maven.surefire.junit4.JUnit4Provider.executeWithRerun(JUnit4Provider.java:272)
	at org.apache.maven.surefire.junit4.JUnit4Provider.executeTestSet(JUnit4Provider.java:237)
	at org.apache.maven.surefire.junit4.JUnit4Provider.invoke(JUnit4Provider.java:158)
	at org.apache.maven.surefire.booter.ForkedBooter.runSuitesInProcess(ForkedBooter.java:428)
	at org.apache.maven.surefire.booter.ForkedBooter.execute(ForkedBooter.java:162)
	at org.apache.maven.surefire.booter.ForkedBooter.run(ForkedBooter.java:562)
	at org.apache.maven.surefire.booter.ForkedBooter.main(ForkedBooter.java:548)
&amp#27;[0m
]]></system-out>
    <system-err><![CDATA[Mar 12, 2024 8:44:57 PM org.openqa.selenium.devtools.CdpVersionFinder findNearestMatch
WARNING: Unable to find an exact match for CDP version 122, returning the closest version; found: 120; Please update to a Selenium version that supports CDP version 122
]]></system-err>
  </testcase>
</testsuite>